[debug] [2022-12-27T16:36:45.411Z] ----------------------------------------------------------------------
[debug] [2022-12-27T16:36:45.414Z] Command:       C:\Program Files\nodejs\node.exe C:\Users\as763\AppData\Roaming\npm\node_modules\firebase-tools\lib\bin\firebase.js deploy
[debug] [2022-12-27T16:36:45.414Z] CLI Version:   11.19.0
[debug] [2022-12-27T16:36:45.415Z] Platform:      win32
[debug] [2022-12-27T16:36:45.415Z] Node Version:  v14.18.0
[debug] [2022-12-27T16:36:45.416Z] Time:          Tue Dec 27 2022 22:06:45 GMT+0530 (India Standard Time)
[debug] [2022-12-27T16:36:45.416Z] ----------------------------------------------------------------------
[debug] 
[debug] [2022-12-27T16:36:45.513Z] > command requires scopes: ["email","openid","https://www.googleapis.com/auth/cloudplatformprojects.readonly","https://www.googleapis.com/auth/firebase","https://www.googleapis.com/auth/cloud-platform"]
[debug] [2022-12-27T16:36:45.513Z] > authorizing via signed-in user (as763829@gmail.com)
[debug] [2022-12-27T16:36:45.513Z] [iam] checking project tradefisher-29821 for permissions ["firebase.projects.get","firebasehosting.sites.update"]
[debug] [2022-12-27T16:36:45.516Z] >>> [apiv2][query] POST https://cloudresourcemanager.googleapis.com/v1/projects/tradefisher-29821:testIamPermissions [none]
[debug] [2022-12-27T16:36:45.516Z] >>> [apiv2][(partial)header] POST https://cloudresourcemanager.googleapis.com/v1/projects/tradefisher-29821:testIamPermissions x-goog-quota-user=projects/tradefisher-29821
[debug] [2022-12-27T16:36:45.517Z] >>> [apiv2][body] POST https://cloudresourcemanager.googleapis.com/v1/projects/tradefisher-29821:testIamPermissions {"permissions":["firebase.projects.get","firebasehosting.sites.update"]}
[debug] [2022-12-27T16:36:47.610Z] <<< [apiv2][status] POST https://cloudresourcemanager.googleapis.com/v1/projects/tradefisher-29821:testIamPermissions 200
[debug] [2022-12-27T16:36:47.610Z] <<< [apiv2][body] POST https://cloudresourcemanager.googleapis.com/v1/projects/tradefisher-29821:testIamPermissions {"permissions":["firebase.projects.get","firebasehosting.sites.update"]}
[debug] [2022-12-27T16:36:47.613Z] >>> [apiv2][query] GET https://firebase.googleapis.com/v1beta1/projects/tradefisher-29821 [none]
[debug] [2022-12-27T16:36:48.423Z] <<< [apiv2][status] GET https://firebase.googleapis.com/v1beta1/projects/tradefisher-29821 200
[debug] [2022-12-27T16:36:48.424Z] <<< [apiv2][body] GET https://firebase.googleapis.com/v1beta1/projects/tradefisher-29821 {"projectId":"tradefisher-29821","projectNumber":"625650129569","displayName":"tradefisher","name":"projects/tradefisher-29821","resources":{"hostingSite":"tradefisher-29821"},"state":"ACTIVE","etag":"1_fa52dadd-b464-4627-9117-a6c8132598da"}
[info] 
[info] === Deploying to 'tradefisher-29821'...
[info] 
[info] i  deploying hosting 
[debug] [2022-12-27T16:36:48.456Z] >>> [apiv2][query] POST https://firebasehosting.googleapis.com/v1beta1/projects/-/sites/tradefisher-29821/versions [none]
[debug] [2022-12-27T16:36:48.457Z] >>> [apiv2][body] POST https://firebasehosting.googleapis.com/v1beta1/projects/-/sites/tradefisher-29821/versions {"status":"CREATED","labels":{"deployment-tool":"cli-firebase"}}
[debug] [2022-12-27T16:36:50.458Z] <<< [apiv2][status] POST https://firebasehosting.googleapis.com/v1beta1/projects/-/sites/tradefisher-29821/versions 200
[debug] [2022-12-27T16:36:50.458Z] <<< [apiv2][body] POST https://firebasehosting.googleapis.com/v1beta1/projects/-/sites/tradefisher-29821/versions {"name":"projects/625650129569/sites/tradefisher-29821/versions/91ea4113c6f5a804","status":"CREATED","config":{},"labels":{"deployment-tool":"cli-firebase"}}
[info] i  hosting[tradefisher-29821]: beginning deploy... 
[info] i  hosting[tradefisher-29821]: found 8 files in public 
[debug] [2022-12-27T16:36:50.477Z] [hosting] uploading with 200 concurrency
[debug] [2022-12-27T16:36:50.479Z] [hosting] hash cache [cHVibGlj] not populated
[debug] [2022-12-27T16:36:51.183Z] [hosting] hash cache [cHVibGlj] stored for 8 files
[debug] [2022-12-27T16:36:51.184Z] [hosting][hash queue][FINAL] {"max":691,"min":15,"avg":100.5,"active":0,"complete":8,"success":8,"errored":0,"retried":0,"total":8,"elapsed":702}
[debug] [2022-12-27T16:36:51.185Z] >>> [apiv2][query] POST https://firebasehosting.googleapis.com/v1beta1/projects/625650129569/sites/tradefisher-29821/versions/91ea4113c6f5a804:populateFiles [none]
[debug] [2022-12-27T16:36:51.186Z] >>> [apiv2][body] POST https://firebasehosting.googleapis.com/v1beta1/projects/625650129569/sites/tradefisher-29821/versions/91ea4113c6f5a804:populateFiles {"files":{"/404.html":"daa499dd96d8229e73235345702ba32f0793f0c8e5c0d30e40e37a5872be57aa","/favicon.ico":"eae62e993eb980ec8a25058c39d5a51feab118bd2100c4deebb2a9c158ec11f9","/index.html":"ed17915511ab6b78d990ffc41218322675e0a9673dae3e2826fb0ae656ce3278","/logo192.png":"3ee59515172ee198f3be375979df15ac5345183e656720a381b8872b2a39dc8b","/manifest.json":"aff3449bdc238776f5d6d967f19ec491b36aed5fb7f23ccff6500736fd58494a","/robots.txt":"bfe106a3fb878dc83461c86818bf74fc1bdc7f28538ba613cd3e775516ce8b49","/logo512.png":"ee7e2f3fdb8209c4b6fd7bef6ba50d1b9dba30a25bb5c3126df057e1cb6f5331","/xyz.png":"9df3fcbacf509c41bcfdd8abd46282aa7ce82e725672123be667592f36b2ba90"}}
[debug] [2022-12-27T16:36:53.024Z] <<< [apiv2][status] POST https://firebasehosting.googleapis.com/v1beta1/projects/625650129569/sites/tradefisher-29821/versions/91ea4113c6f5a804:populateFiles 200
[debug] [2022-12-27T16:36:53.025Z] <<< [apiv2][body] POST https://firebasehosting.googleapis.com/v1beta1/projects/625650129569/sites/tradefisher-29821/versions/91ea4113c6f5a804:populateFiles {"uploadRequiredHashes":["3ee59515172ee198f3be375979df15ac5345183e656720a381b8872b2a39dc8b","aff3449bdc238776f5d6d967f19ec491b36aed5fb7f23ccff6500736fd58494a","bfe106a3fb878dc83461c86818bf74fc1bdc7f28538ba613cd3e775516ce8b49","ee7e2f3fdb8209c4b6fd7bef6ba50d1b9dba30a25bb5c3126df057e1cb6f5331","9df3fcbacf509c41bcfdd8abd46282aa7ce82e725672123be667592f36b2ba90","eae62e993eb980ec8a25058c39d5a51feab118bd2100c4deebb2a9c158ec11f9","ed17915511ab6b78d990ffc41218322675e0a9673dae3e2826fb0ae656ce3278"],"uploadUrl":"https://upload-firebasehosting.googleapis.com/upload/sites/tradefisher-29821/versions/91ea4113c6f5a804/files"}
[debug] [2022-12-27T16:36:53.033Z] >>> [apiv2][query] POST https://upload-firebasehosting.googleapis.com/upload/sites/tradefisher-29821/versions/91ea4113c6f5a804/files/3ee59515172ee198f3be375979df15ac5345183e656720a381b8872b2a39dc8b [none]
[debug] [2022-12-27T16:36:53.033Z] >>> [apiv2][body] POST https://upload-firebasehosting.googleapis.com/upload/sites/tradefisher-29821/versions/91ea4113c6f5a804/files/3ee59515172ee198f3be375979df15ac5345183e656720a381b8872b2a39dc8b [stream]
[debug] [2022-12-27T16:36:53.038Z] >>> [apiv2][query] POST https://upload-firebasehosting.googleapis.com/upload/sites/tradefisher-29821/versions/91ea4113c6f5a804/files/aff3449bdc238776f5d6d967f19ec491b36aed5fb7f23ccff6500736fd58494a [none]
[debug] [2022-12-27T16:36:53.039Z] >>> [apiv2][body] POST https://upload-firebasehosting.googleapis.com/upload/sites/tradefisher-29821/versions/91ea4113c6f5a804/files/aff3449bdc238776f5d6d967f19ec491b36aed5fb7f23ccff6500736fd58494a [stream]
[debug] [2022-12-27T16:36:53.043Z] >>> [apiv2][query] POST https://upload-firebasehosting.googleapis.com/upload/sites/tradefisher-29821/versions/91ea4113c6f5a804/files/bfe106a3fb878dc83461c86818bf74fc1bdc7f28538ba613cd3e775516ce8b49 [none]
[debug] [2022-12-27T16:36:53.044Z] >>> [apiv2][body] POST https://upload-firebasehosting.googleapis.com/upload/sites/tradefisher-29821/versions/91ea4113c6f5a804/files/bfe106a3fb878dc83461c86818bf74fc1bdc7f28538ba613cd3e775516ce8b49 [stream]
[debug] [2022-12-27T16:36:53.047Z] >>> [apiv2][query] POST https://upload-firebasehosting.googleapis.com/upload/sites/tradefisher-29821/versions/91ea4113c6f5a804/files/ee7e2f3fdb8209c4b6fd7bef6ba50d1b9dba30a25bb5c3126df057e1cb6f5331 [none]
[debug] [2022-12-27T16:36:53.048Z] >>> [apiv2][body] POST https://upload-firebasehosting.googleapis.com/upload/sites/tradefisher-29821/versions/91ea4113c6f5a804/files/ee7e2f3fdb8209c4b6fd7bef6ba50d1b9dba30a25bb5c3126df057e1cb6f5331 [stream]
[debug] [2022-12-27T16:36:53.050Z] >>> [apiv2][query] POST https://upload-firebasehosting.googleapis.com/upload/sites/tradefisher-29821/versions/91ea4113c6f5a804/files/9df3fcbacf509c41bcfdd8abd46282aa7ce82e725672123be667592f36b2ba90 [none]
[debug] [2022-12-27T16:36:53.051Z] >>> [apiv2][body] POST https://upload-firebasehosting.googleapis.com/upload/sites/tradefisher-29821/versions/91ea4113c6f5a804/files/9df3fcbacf509c41bcfdd8abd46282aa7ce82e725672123be667592f36b2ba90 [stream]
[debug] [2022-12-27T16:36:53.054Z] >>> [apiv2][query] POST https://upload-firebasehosting.googleapis.com/upload/sites/tradefisher-29821/versions/91ea4113c6f5a804/files/eae62e993eb980ec8a25058c39d5a51feab118bd2100c4deebb2a9c158ec11f9 [none]
[debug] [2022-12-27T16:36:53.055Z] >>> [apiv2][body] POST https://upload-firebasehosting.googleapis.com/upload/sites/tradefisher-29821/versions/91ea4113c6f5a804/files/eae62e993eb980ec8a25058c39d5a51feab118bd2100c4deebb2a9c158ec11f9 [stream]
[debug] [2022-12-27T16:36:53.057Z] >>> [apiv2][query] POST https://upload-firebasehosting.googleapis.com/upload/sites/tradefisher-29821/versions/91ea4113c6f5a804/files/ed17915511ab6b78d990ffc41218322675e0a9673dae3e2826fb0ae656ce3278 [none]
[debug] [2022-12-27T16:36:53.057Z] >>> [apiv2][body] POST https://upload-firebasehosting.googleapis.com/upload/sites/tradefisher-29821/versions/91ea4113c6f5a804/files/ed17915511ab6b78d990ffc41218322675e0a9673dae3e2826fb0ae656ce3278 [stream]
[debug] [2022-12-27T16:36:53.059Z] [hosting][populate queue][FINAL] {"max":1852,"min":1852,"avg":1852,"active":0,"complete":1,"success":1,"errored":0,"retried":0,"total":1,"elapsed":1879}
[debug] [2022-12-27T16:36:53.059Z] [hosting] uploads queued: 7
[debug] [2022-12-27T16:36:55.653Z] <<< [apiv2][status] POST https://upload-firebasehosting.googleapis.com/upload/sites/tradefisher-29821/versions/91ea4113c6f5a804/files/3ee59515172ee198f3be375979df15ac5345183e656720a381b8872b2a39dc8b 200
[debug] [2022-12-27T16:36:55.654Z] <<< [apiv2][body] POST https://upload-firebasehosting.googleapis.com/upload/sites/tradefisher-29821/versions/91ea4113c6f5a804/files/3ee59515172ee198f3be375979df15ac5345183e656720a381b8872b2a39dc8b [stream]
[debug] [2022-12-27T16:36:56.103Z] <<< [apiv2][status] POST https://upload-firebasehosting.googleapis.com/upload/sites/tradefisher-29821/versions/91ea4113c6f5a804/files/aff3449bdc238776f5d6d967f19ec491b36aed5fb7f23ccff6500736fd58494a 200
[debug] [2022-12-27T16:36:56.103Z] <<< [apiv2][body] POST https://upload-firebasehosting.googleapis.com/upload/sites/tradefisher-29821/versions/91ea4113c6f5a804/files/aff3449bdc238776f5d6d967f19ec491b36aed5fb7f23ccff6500736fd58494a [stream]
[debug] [2022-12-27T16:36:56.640Z] <<< [apiv2][status] POST https://upload-firebasehosting.googleapis.com/upload/sites/tradefisher-29821/versions/91ea4113c6f5a804/files/ee7e2f3fdb8209c4b6fd7bef6ba50d1b9dba30a25bb5c3126df057e1cb6f5331 200
[debug] [2022-12-27T16:36:56.642Z] <<< [apiv2][body] POST https://upload-firebasehosting.googleapis.com/upload/sites/tradefisher-29821/versions/91ea4113c6f5a804/files/ee7e2f3fdb8209c4b6fd7bef6ba50d1b9dba30a25bb5c3126df057e1cb6f5331 [stream]
[debug] [2022-12-27T16:36:56.783Z] <<< [apiv2][status] POST https://upload-firebasehosting.googleapis.com/upload/sites/tradefisher-29821/versions/91ea4113c6f5a804/files/bfe106a3fb878dc83461c86818bf74fc1bdc7f28538ba613cd3e775516ce8b49 200
[debug] [2022-12-27T16:36:56.784Z] <<< [apiv2][body] POST https://upload-firebasehosting.googleapis.com/upload/sites/tradefisher-29821/versions/91ea4113c6f5a804/files/bfe106a3fb878dc83461c86818bf74fc1bdc7f28538ba613cd3e775516ce8b49 [stream]
[debug] [2022-12-27T16:36:56.824Z] <<< [apiv2][status] POST https://upload-firebasehosting.googleapis.com/upload/sites/tradefisher-29821/versions/91ea4113c6f5a804/files/eae62e993eb980ec8a25058c39d5a51feab118bd2100c4deebb2a9c158ec11f9 200
[debug] [2022-12-27T16:36:56.825Z] <<< [apiv2][body] POST https://upload-firebasehosting.googleapis.com/upload/sites/tradefisher-29821/versions/91ea4113c6f5a804/files/eae62e993eb980ec8a25058c39d5a51feab118bd2100c4deebb2a9c158ec11f9 [stream]
[debug] [2022-12-27T16:36:57.439Z] <<< [apiv2][status] POST https://upload-firebasehosting.googleapis.com/upload/sites/tradefisher-29821/versions/91ea4113c6f5a804/files/ed17915511ab6b78d990ffc41218322675e0a9673dae3e2826fb0ae656ce3278 200
[debug] [2022-12-27T16:36:57.440Z] <<< [apiv2][body] POST https://upload-firebasehosting.googleapis.com/upload/sites/tradefisher-29821/versions/91ea4113c6f5a804/files/ed17915511ab6b78d990ffc41218322675e0a9673dae3e2826fb0ae656ce3278 [stream]
[debug] [2022-12-27T16:37:55.844Z] [uploadQueue] Retrying task 9df3fcbacf509c41bcfdd8abd46282aa7ce82e725672123be667592f36b2ba90
[debug] [2022-12-27T16:37:55.847Z] >>> [apiv2][query] POST https://upload-firebasehosting.googleapis.com/upload/sites/tradefisher-29821/versions/91ea4113c6f5a804/files/9df3fcbacf509c41bcfdd8abd46282aa7ce82e725672123be667592f36b2ba90 [none]
[debug] [2022-12-27T16:37:55.848Z] >>> [apiv2][body] POST https://upload-firebasehosting.googleapis.com/upload/sites/tradefisher-29821/versions/91ea4113c6f5a804/files/9df3fcbacf509c41bcfdd8abd46282aa7ce82e725672123be667592f36b2ba90 [stream]
[debug] [2022-12-27T16:38:59.041Z] [uploadQueue] Retrying task 9df3fcbacf509c41bcfdd8abd46282aa7ce82e725672123be667592f36b2ba90
[debug] [2022-12-27T16:38:59.043Z] >>> [apiv2][query] POST https://upload-firebasehosting.googleapis.com/upload/sites/tradefisher-29821/versions/91ea4113c6f5a804/files/9df3fcbacf509c41bcfdd8abd46282aa7ce82e725672123be667592f36b2ba90 [none]
[debug] [2022-12-27T16:38:59.044Z] >>> [apiv2][body] POST https://upload-firebasehosting.googleapis.com/upload/sites/tradefisher-29821/versions/91ea4113c6f5a804/files/9df3fcbacf509c41bcfdd8abd46282aa7ce82e725672123be667592f36b2ba90 [stream]
[debug] [2022-12-27T16:40:03.050Z] [uploadQueue] Retrying task 9df3fcbacf509c41bcfdd8abd46282aa7ce82e725672123be667592f36b2ba90
[debug] [2022-12-27T16:40:03.052Z] >>> [apiv2][query] POST https://upload-firebasehosting.googleapis.com/upload/sites/tradefisher-29821/versions/91ea4113c6f5a804/files/9df3fcbacf509c41bcfdd8abd46282aa7ce82e725672123be667592f36b2ba90 [none]
[debug] [2022-12-27T16:40:03.052Z] >>> [apiv2][body] POST https://upload-firebasehosting.googleapis.com/upload/sites/tradefisher-29821/versions/91ea4113c6f5a804/files/9df3fcbacf509c41bcfdd8abd46282aa7ce82e725672123be667592f36b2ba90 [stream]
[debug] [2022-12-27T16:41:08.651Z] [uploadQueue] Retrying task 9df3fcbacf509c41bcfdd8abd46282aa7ce82e725672123be667592f36b2ba90
[debug] [2022-12-27T16:41:08.653Z] >>> [apiv2][query] POST https://upload-firebasehosting.googleapis.com/upload/sites/tradefisher-29821/versions/91ea4113c6f5a804/files/9df3fcbacf509c41bcfdd8abd46282aa7ce82e725672123be667592f36b2ba90 [none]
[debug] [2022-12-27T16:41:08.654Z] >>> [apiv2][body] POST https://upload-firebasehosting.googleapis.com/upload/sites/tradefisher-29821/versions/91ea4113c6f5a804/files/9df3fcbacf509c41bcfdd8abd46282aa7ce82e725672123be667592f36b2ba90 [stream]
